Arguments: 
  /home/user/.nvm/versions/node/v14.17.6/bin/node /home/user/.nvm/versions/node/v14.17.6/bin/yarn add --dev typescript @node/types

PATH: 
  /home/user/.gvm/bin:/var/www/bin:/home/user/.rbenv/shims:/home/user/.rbenv/shims:/home/user/.rbenv/bin:/home/user/.local/share/solana/install/active_release/bin:/home/user/.gvm/bin:/var/www/bin:/home/user/.rbenv/shims:/home/user/.rbenv/shims:/home/user/.rbenv/bin:/home/user/.nvm/versions/node/v14.17.6/bin:/home/user/.cargo/bin:/home/user/.local/share/solana/install/active_release/bin:/home/user/.rvm/gems/ruby-2.6.6/bin:/home/user/.rvm/gems/ruby-2.6.6@global/bin:/usr/share/rvm/rubies/ruby-2.6.6/bin:/usr/local/sbin:/usr/local/bin:/usr/sbin:/usr/bin:/sbin:/bin:/usr/games:/usr/local/games:/snap/bin:/usr/share/rvm/bin

Yarn version: 
  1.22.15

Node version: 
  14.17.6

Platform: 
  linux x64

Trace: 
  Error: https://registry.yarnpkg.com/@node%2ftypes: Not found
      at Request.params.callback [as _callback] (/home/user/.nvm/versions/node/v14.17.6/lib/node_modules/yarn/lib/cli.js:66140:18)
      at Request.self.callback (/home/user/.nvm/versions/node/v14.17.6/lib/node_modules/yarn/lib/cli.js:140885:22)
      at Request.emit (events.js:400:28)
      at Request.<anonymous> (/home/user/.nvm/versions/node/v14.17.6/lib/node_modules/yarn/lib/cli.js:141857:10)
      at Request.emit (events.js:400:28)
      at IncomingMessage.<anonymous> (/home/user/.nvm/versions/node/v14.17.6/lib/node_modules/yarn/lib/cli.js:141779:12)
      at Object.onceWrapper (events.js:519:28)
      at IncomingMessage.emit (events.js:412:35)
      at endReadableNT (internal/streams/readable.js:1317:12)
      at processTicksAndRejections (internal/process/task_queues.js:82:21)

npm manifest: 
  {
    "name": "cli",
    "version": "1.0.0",
    "main": "index.ts",
    "license": "MIT"
  }

yarn manifest: 
  No manifest

Lockfile: 
  No lockfile
